{"/Users/wenjianjun/Project/mocha-learn/index.js":{"path":"/Users/wenjianjun/Project/mocha-learn/index.js","s":{"1":1,"2":2,"3":0,"4":2,"5":1},"b":{"1":[0,2],"2":[2,2]},"f":{"1":2},"fnMap":{"1":{"name":"add","line":2,"loc":{"start":{"line":2,"column":0},"end":{"line":2,"column":18}}}},"statementMap":{"1":{"start":{"line":2,"column":0},"end":{"line":8,"column":1}},"2":{"start":{"line":3,"column":1},"end":{"line":7,"column":2}},"3":{"start":{"line":4,"column":2},"end":{"line":4,"column":55}},"4":{"start":{"line":6,"column":8},"end":{"line":6,"column":21}},"5":{"start":{"line":10,"column":0},"end":{"line":10,"column":25}}},"branchMap":{"1":{"line":3,"type":"if","locations":[{"start":{"line":3,"column":1},"end":{"line":3,"column":1}},{"start":{"line":3,"column":1},"end":{"line":3,"column":1}}]},"2":{"line":3,"type":"binary-expr","locations":[{"start":{"line":3,"column":4},"end":{"line":3,"column":24}},{"start":{"line":3,"column":28},"end":{"line":3,"column":47}}]}}}}